This file contains any messages produced by compilers while
running configure, to aid debugging if configure makes a mistake.

It was created by zetacalc configure 0.1, which was
generated by GNU Autoconf 2.69.  Invocation command line was

  $ ./configure 

## --------- ##
## Platform. ##
## --------- ##

hostname = gra985
uname -m = x86_64
uname -r = 3.10.0-514.21.1.el7.x86_64
uname -s = Linux
uname -v = #1 SMP Thu May 25 17:04:51 UTC 2017

/usr/bin/uname -p = x86_64
/bin/uname -X     = unknown

/bin/arch              = x86_64
/usr/bin/arch -k       = unknown
/usr/convex/getsysinfo = unknown
/usr/bin/hostinfo      = unknown
/bin/machine           = unknown
/usr/bin/oslevel       = unknown
/bin/universe          = unknown

PATH: /cvmfs/soft.computecanada.ca/easybuild/software/2017/avx2/CUDA/intel2016.4/cuda8.0/openmpi/2.1.1/bin
PATH: /cvmfs/soft.computecanada.ca/easybuild/software/2017/avx2/Compiler/intel2016.4/cuda/8.0.44
PATH: /cvmfs/soft.computecanada.ca/easybuild/software/2017/avx2/Compiler/intel2016.4/cuda/8.0.44/bin
PATH: /opt/software/slurm/current/bin
PATH: /opt/software/bin
PATH: /opt/software/slurm/bin
PATH: /opt/software/slurm/current/bin
PATH: /opt/software/bin
PATH: /opt/software/slurm/bin
PATH: /opt/software/slurm/current/bin
PATH: /cvmfs/soft.computecanada.ca/easybuild/software/2017/Core/imkl/11.3.4.258/mkl/bin
PATH: /cvmfs/soft.computecanada.ca/easybuild/software/2017/Core/imkl/11.3.4.258/bin
PATH: /cvmfs/soft.computecanada.ca/easybuild/software/2017/Core/ifort/2016.4.258/compilers_and_libraries_2016.4.258/linux/bin/intel64
PATH: /cvmfs/soft.computecanada.ca/nix/var/nix/profiles/gcc-5.4.0/bin
PATH: /cvmfs/soft.computecanada.ca/easybuild/software/2017/Core/icc/2016.4.258/compilers_and_libraries_2016.4.258/linux/bin/intel64
PATH: /cvmfs/soft.computecanada.ca/easybuild/bin
PATH: /cvmfs/soft.computecanada.ca/nix/var/nix/profiles/16.09/bin
PATH: /cvmfs/soft.computecanada.ca/nix/var/nix/profiles/16.09/sbin
PATH: /cvmfs/soft.computecanada.ca/custom/bin
PATH: /opt/software/bin
PATH: /opt/software/slurm/bin
PATH: /usr/local/bin
PATH: /usr/bin
PATH: /usr/local/sbin
PATH: /usr/sbin
PATH: /home/radziwil/.local/bin
PATH: /home/radziwil/bin


## ----------- ##
## Core tests. ##
## ----------- ##

configure:2561: checking for gcc
configure:2577: found /cvmfs/soft.computecanada.ca/nix/var/nix/profiles/gcc-5.4.0/bin/gcc
configure:2588: result: gcc
configure:2817: checking for C compiler version
configure:2826: gcc --version >&5
gcc (GCC) 5.4.0
Copyright (C) 2015 Free Software Foundation, Inc.
This is free software; see the source for copying conditions.  There is NO
warranty; not even for MERCHANTABILITY or FITNESS FOR A PARTICULAR PURPOSE.

configure:2837: $? = 0
configure:2826: gcc -v >&5
Using built-in specs.
COLLECT_GCC=gcc
COLLECT_LTO_WRAPPER=/cvmfs/soft.computecanada.ca/nix/store/lvjwgn6hpngyy6k4xqcqa9h2cxy3fl30-gfortran-5.4.0/libexec/gcc/x86_64-unknown-linux-gnu/5.4.0/lto-wrapper
Target: x86_64-unknown-linux-gnu
Configured with: 
Thread model: posix
gcc version 5.4.0 (GCC) 
configure:2837: $? = 0
configure:2826: gcc -V >&5
gcc: error: unrecognized command line option '-V'
gcc: fatal error: no input files
compilation terminated.
configure:2837: $? = 1
configure:2826: gcc -qversion >&5
gcc: error: unrecognized command line option '-qversion'
gcc: fatal error: no input files
compilation terminated.
configure:2837: $? = 1
configure:2857: checking whether the C compiler works
configure:2879: gcc    conftest.c  >&5
configure:2883: $? = 0
configure:2931: result: yes
configure:2934: checking for C compiler default output file name
configure:2936: result: a.out
configure:2942: checking for suffix of executables
configure:2949: gcc -o conftest    conftest.c  >&5
configure:2953: $? = 0
configure:2975: result: 
configure:2997: checking whether we are cross compiling
configure:3005: gcc -o conftest    conftest.c  >&5
configure:3009: $? = 0
configure:3016: ./conftest
configure:3020: $? = 0
configure:3035: result: no
configure:3040: checking for suffix of object files
configure:3062: gcc -c   conftest.c >&5
configure:3066: $? = 0
configure:3087: result: o
configure:3091: checking whether we are using the GNU C compiler
configure:3110: gcc -c   conftest.c >&5
configure:3110: $? = 0
configure:3119: result: yes
configure:3128: checking whether gcc accepts -g
configure:3148: gcc -c -g  conftest.c >&5
configure:3148: $? = 0
configure:3189: result: yes
configure:3206: checking for gcc option to accept ISO C89
configure:3269: gcc  -c -g -O2  conftest.c >&5
configure:3269: $? = 0
configure:3282: result: none needed
configure:3308: checking how to run the C preprocessor
configure:3339: gcc -E  conftest.c
configure:3339: $? = 0
configure:3353: gcc -E  conftest.c
conftest.c:11:28: fatal error: ac_nonexistent.h: No such file or directory
compilation terminated.
configure:3353: $? = 1
configure: failed program was:
| /* confdefs.h */
| #define PACKAGE_NAME "zetacalc"
| #define PACKAGE_TARNAME "zetacalc"
| #define PACKAGE_VERSION "0.1"
| #define PACKAGE_STRING "zetacalc 0.1"
| #define PACKAGE_BUGREPORT ""
| #define PACKAGE_URL ""
| #define HAVE_CUDA 1
| #define HAVE_MPI 1
| /* end confdefs.h.  */
| #include <ac_nonexistent.h>
configure:3378: result: gcc -E
configure:3398: gcc -E  conftest.c
configure:3398: $? = 0
configure:3412: gcc -E  conftest.c
conftest.c:11:28: fatal error: ac_nonexistent.h: No such file or directory
compilation terminated.
configure:3412: $? = 1
configure: failed program was:
| /* confdefs.h */
| #define PACKAGE_NAME "zetacalc"
| #define PACKAGE_TARNAME "zetacalc"
| #define PACKAGE_VERSION "0.1"
| #define PACKAGE_STRING "zetacalc 0.1"
| #define PACKAGE_BUGREPORT ""
| #define PACKAGE_URL ""
| #define HAVE_CUDA 1
| #define HAVE_MPI 1
| /* end confdefs.h.  */
| #include <ac_nonexistent.h>
configure:3441: checking for grep that handles long lines and -e
configure:3499: result: /cvmfs/soft.computecanada.ca/nix/var/nix/profiles/16.09/bin/grep
configure:3504: checking for egrep
configure:3566: result: /cvmfs/soft.computecanada.ca/nix/var/nix/profiles/16.09/bin/grep -E
configure:3571: checking for ANSI C header files
configure:3591: gcc -c -g -O2  conftest.c >&5
configure:3591: $? = 0
configure:3664: gcc -o conftest -g -O2   conftest.c  >&5
configure:3664: $? = 0
configure:3664: ./conftest
configure:3664: $? = 0
configure:3675: result: yes
configure:3688: checking for sys/types.h
configure:3688: gcc -c -g -O2  conftest.c >&5
configure:3688: $? = 0
configure:3688: result: yes
configure:3688: checking for sys/stat.h
configure:3688: gcc -c -g -O2  conftest.c >&5
configure:3688: $? = 0
configure:3688: result: yes
configure:3688: checking for stdlib.h
configure:3688: gcc -c -g -O2  conftest.c >&5
configure:3688: $? = 0
configure:3688: result: yes
configure:3688: checking for string.h
configure:3688: gcc -c -g -O2  conftest.c >&5
configure:3688: $? = 0
configure:3688: result: yes
configure:3688: checking for memory.h
configure:3688: gcc -c -g -O2  conftest.c >&5
configure:3688: $? = 0
configure:3688: result: yes
configure:3688: checking for strings.h
configure:3688: gcc -c -g -O2  conftest.c >&5
configure:3688: $? = 0
configure:3688: result: yes
configure:3688: checking for inttypes.h
configure:3688: gcc -c -g -O2  conftest.c >&5
configure:3688: $? = 0
configure:3688: result: yes
configure:3688: checking for stdint.h
configure:3688: gcc -c -g -O2  conftest.c >&5
configure:3688: $? = 0
configure:3688: result: yes
configure:3688: checking for unistd.h
configure:3688: gcc -c -g -O2  conftest.c >&5
configure:3688: $? = 0
configure:3688: result: yes
configure:3704: checking size of unsigned long
configure:3709: gcc -o conftest -g -O2   conftest.c  >&5
configure:3709: $? = 0
configure:3709: ./conftest
configure:3709: $? = 0
configure:3723: result: 8
configure:3737: checking size of __float128
configure:3742: gcc -o conftest -g -O2   conftest.c  >&5
configure:3742: $? = 0
configure:3742: ./conftest
configure:3742: $? = 0
configure:3756: result: 16
configure:3770: checking size of double
configure:3775: gcc -o conftest -g -O2   conftest.c  >&5
configure:3775: $? = 0
configure:3775: ./conftest
configure:3775: $? = 0
configure:3789: result: 8
configure:3873: checking for g++
configure:3889: found /cvmfs/soft.computecanada.ca/nix/var/nix/profiles/gcc-5.4.0/bin/g++
configure:3900: result: g++
configure:3927: checking for C++ compiler version
configure:3936: g++ --version >&5
g++ (GCC) 5.4.0
Copyright (C) 2015 Free Software Foundation, Inc.
This is free software; see the source for copying conditions.  There is NO
warranty; not even for MERCHANTABILITY or FITNESS FOR A PARTICULAR PURPOSE.

configure:3947: $? = 0
configure:3936: g++ -v >&5
Using built-in specs.
COLLECT_GCC=g++
COLLECT_LTO_WRAPPER=/cvmfs/soft.computecanada.ca/nix/store/lvjwgn6hpngyy6k4xqcqa9h2cxy3fl30-gfortran-5.4.0/libexec/gcc/x86_64-unknown-linux-gnu/5.4.0/lto-wrapper
Target: x86_64-unknown-linux-gnu
Configured with: 
Thread model: posix
gcc version 5.4.0 (GCC) 
configure:3947: $? = 0
configure:3936: g++ -V >&5
g++: error: unrecognized command line option '-V'
g++: fatal error: no input files
compilation terminated.
configure:3947: $? = 1
configure:3936: g++ -qversion >&5
g++: error: unrecognized command line option '-qversion'
g++: fatal error: no input files
compilation terminated.
configure:3947: $? = 1
configure:3951: checking whether we are using the GNU C++ compiler
configure:3970: g++ -c   conftest.cpp >&5
configure:3970: $? = 0
configure:3979: result: yes
configure:3988: checking whether g++ accepts -g
configure:4008: g++ -c -g  conftest.cpp >&5
configure:4008: $? = 0
configure:4049: result: yes
configure:4120: checking for gcc
configure:4147: result: gcc
configure:4376: checking for C compiler version
configure:4385: gcc --version >&5
gcc (GCC) 5.4.0
Copyright (C) 2015 Free Software Foundation, Inc.
This is free software; see the source for copying conditions.  There is NO
warranty; not even for MERCHANTABILITY or FITNESS FOR A PARTICULAR PURPOSE.

configure:4396: $? = 0
configure:4385: gcc -v >&5
Using built-in specs.
COLLECT_GCC=gcc
COLLECT_LTO_WRAPPER=/cvmfs/soft.computecanada.ca/nix/store/lvjwgn6hpngyy6k4xqcqa9h2cxy3fl30-gfortran-5.4.0/libexec/gcc/x86_64-unknown-linux-gnu/5.4.0/lto-wrapper
Target: x86_64-unknown-linux-gnu
Configured with: 
Thread model: posix
gcc version 5.4.0 (GCC) 
configure:4396: $? = 0
configure:4385: gcc -V >&5
gcc: error: unrecognized command line option '-V'
gcc: fatal error: no input files
compilation terminated.
configure:4396: $? = 1
configure:4385: gcc -qversion >&5
gcc: error: unrecognized command line option '-qversion'
gcc: fatal error: no input files
compilation terminated.
configure:4396: $? = 1
configure:4400: checking whether we are using the GNU C compiler
configure:4428: result: yes
configure:4437: checking whether gcc accepts -g
configure:4498: result: yes
configure:4515: checking for gcc option to accept ISO C89
configure:4591: result: none needed
configure:4614: checking for mpic++
configure:4632: found /cvmfs/soft.computecanada.ca/easybuild/software/2017/avx2/CUDA/intel2016.4/cuda8.0/openmpi/2.1.1/bin/mpic++
configure:4644: result: /cvmfs/soft.computecanada.ca/easybuild/software/2017/avx2/CUDA/intel2016.4/cuda8.0/openmpi/2.1.1/bin/mpic++
configure:4653: checking for /cvmfs/soft.computecanada.ca/easybuild/software/2017/avx2/CUDA/intel2016.4/cuda8.0/openmpi/2.1.1/bin/mpic++
configure:4667: result: yes
configure:4679: checking for nvcc
configure:4697: found /cvmfs/soft.computecanada.ca/easybuild/software/2017/avx2/Compiler/intel2016.4/cuda/8.0.44/bin/nvcc
configure:4709: result: /cvmfs/soft.computecanada.ca/easybuild/software/2017/avx2/Compiler/intel2016.4/cuda/8.0.44/bin/nvcc
configure:4717: checking whether make sets $(MAKE)
configure:4739: result: yes
configure:4751: checking for library containing cudaMalloc
configure:4782: gcc -o conftest -g -O2   conftest.c  >&5
/tmp/ccclPIqa.o: In function `main':
/home/radziwil/test2/zetacalc/conftest.c:35: undefined reference to `cudaMalloc'
collect2: error: ld returned 1 exit status
configure:4782: $? = 1
configure: failed program was:
| /* confdefs.h */
| #define PACKAGE_NAME "zetacalc"
| #define PACKAGE_TARNAME "zetacalc"
| #define PACKAGE_VERSION "0.1"
| #define PACKAGE_STRING "zetacalc 0.1"
| #define PACKAGE_BUGREPORT ""
| #define PACKAGE_URL ""
| #define HAVE_CUDA 1
| #define HAVE_MPI 1
| #define STDC_HEADERS 1
| #define HAVE_SYS_TYPES_H 1
| #define HAVE_SYS_STAT_H 1
| #define HAVE_STDLIB_H 1
| #define HAVE_STRING_H 1
| #define HAVE_MEMORY_H 1
| #define HAVE_STRINGS_H 1
| #define HAVE_INTTYPES_H 1
| #define HAVE_STDINT_H 1
| #define HAVE_UNISTD_H 1
| #define SIZEOF_UNSIGNED_LONG 8
| #define SIZEOF___FLOAT128 16
| #define SIZEOF_DOUBLE 8
| /* end confdefs.h.  */
| 
| /* Override any GCC internal prototype to avoid an error.
|    Use char because int might match the return type of a GCC
|    builtin and then its argument prototype would still apply.  */
| #ifdef __cplusplus
| extern "C"
| #endif
| char cudaMalloc ();
| int
| main ()
| {
| return cudaMalloc ();
|   ;
|   return 0;
| }
configure:4782: gcc -o conftest -g -O2   conftest.c -lcudart   >&5
configure:4782: $? = 0
configure:4799: result: -lcudart
configure:4811: checking for library containing __gmpz_init
configure:4842: gcc -o conftest -g -O2   conftest.c -lcudart  >&5
/tmp/cciwVaWK.o: In function `main':
/home/radziwil/test2/zetacalc/conftest.c:35: undefined reference to `__gmpz_init'
collect2: error: ld returned 1 exit status
configure:4842: $? = 1
configure: failed program was:
| /* confdefs.h */
| #define PACKAGE_NAME "zetacalc"
| #define PACKAGE_TARNAME "zetacalc"
| #define PACKAGE_VERSION "0.1"
| #define PACKAGE_STRING "zetacalc 0.1"
| #define PACKAGE_BUGREPORT ""
| #define PACKAGE_URL ""
| #define HAVE_CUDA 1
| #define HAVE_MPI 1
| #define STDC_HEADERS 1
| #define HAVE_SYS_TYPES_H 1
| #define HAVE_SYS_STAT_H 1
| #define HAVE_STDLIB_H 1
| #define HAVE_STRING_H 1
| #define HAVE_MEMORY_H 1
| #define HAVE_STRINGS_H 1
| #define HAVE_INTTYPES_H 1
| #define HAVE_STDINT_H 1
| #define HAVE_UNISTD_H 1
| #define SIZEOF_UNSIGNED_LONG 8
| #define SIZEOF___FLOAT128 16
| #define SIZEOF_DOUBLE 8
| /* end confdefs.h.  */
| 
| /* Override any GCC internal prototype to avoid an error.
|    Use char because int might match the return type of a GCC
|    builtin and then its argument prototype would still apply.  */
| #ifdef __cplusplus
| extern "C"
| #endif
| char __gmpz_init ();
| int
| main ()
| {
| return __gmpz_init ();
|   ;
|   return 0;
| }
configure:4842: gcc -o conftest -g -O2   conftest.c -lgmp  -lcudart  >&5
configure:4842: $? = 0
configure:4859: result: -lgmp
configure:4930: checking for library containing sqrt
configure:4961: gcc -o conftest -g -O2   conftest.c -lgmp -lcudart  >&5
conftest.c:31:6: warning: conflicting types for built-in function 'sqrt'
 char sqrt ();
      ^
/tmp/ccPwkYLw.o: In function `main':
/home/radziwil/test2/zetacalc/conftest.c:35: undefined reference to `sqrt'
collect2: error: ld returned 1 exit status
configure:4961: $? = 1
configure: failed program was:
| /* confdefs.h */
| #define PACKAGE_NAME "zetacalc"
| #define PACKAGE_TARNAME "zetacalc"
| #define PACKAGE_VERSION "0.1"
| #define PACKAGE_STRING "zetacalc 0.1"
| #define PACKAGE_BUGREPORT ""
| #define PACKAGE_URL ""
| #define HAVE_CUDA 1
| #define HAVE_MPI 1
| #define STDC_HEADERS 1
| #define HAVE_SYS_TYPES_H 1
| #define HAVE_SYS_STAT_H 1
| #define HAVE_STDLIB_H 1
| #define HAVE_STRING_H 1
| #define HAVE_MEMORY_H 1
| #define HAVE_STRINGS_H 1
| #define HAVE_INTTYPES_H 1
| #define HAVE_STDINT_H 1
| #define HAVE_UNISTD_H 1
| #define SIZEOF_UNSIGNED_LONG 8
| #define SIZEOF___FLOAT128 16
| #define SIZEOF_DOUBLE 8
| /* end confdefs.h.  */
| 
| /* Override any GCC internal prototype to avoid an error.
|    Use char because int might match the return type of a GCC
|    builtin and then its argument prototype would still apply.  */
| #ifdef __cplusplus
| extern "C"
| #endif
| char sqrt ();
| int
| main ()
| {
| return sqrt ();
|   ;
|   return 0;
| }
configure:4961: gcc -o conftest -g -O2   conftest.c -lm  -lgmp -lcudart  >&5
conftest.c:31:6: warning: conflicting types for built-in function 'sqrt'
 char sqrt ();
      ^
configure:4961: $? = 0
configure:4978: result: -lm
configure:4989: checking for library containing mpfr_add, mpfr_init2
configure:5020: gcc -o conftest -g -O2   conftest.c -lm -lgmp -lcudart  >&5
/tmp/cct6QF7c.o: In function `main':
/home/radziwil/test2/zetacalc/conftest.c:35: undefined reference to `mpfr_init2'
collect2: error: ld returned 1 exit status
configure:5020: $? = 1
configure: failed program was:
| /* confdefs.h */
| #define PACKAGE_NAME "zetacalc"
| #define PACKAGE_TARNAME "zetacalc"
| #define PACKAGE_VERSION "0.1"
| #define PACKAGE_STRING "zetacalc 0.1"
| #define PACKAGE_BUGREPORT ""
| #define PACKAGE_URL ""
| #define HAVE_CUDA 1
| #define HAVE_MPI 1
| #define STDC_HEADERS 1
| #define HAVE_SYS_TYPES_H 1
| #define HAVE_SYS_STAT_H 1
| #define HAVE_STDLIB_H 1
| #define HAVE_STRING_H 1
| #define HAVE_MEMORY_H 1
| #define HAVE_STRINGS_H 1
| #define HAVE_INTTYPES_H 1
| #define HAVE_STDINT_H 1
| #define HAVE_UNISTD_H 1
| #define SIZEOF_UNSIGNED_LONG 8
| #define SIZEOF___FLOAT128 16
| #define SIZEOF_DOUBLE 8
| /* end confdefs.h.  */
| 
| /* Override any GCC internal prototype to avoid an error.
|    Use char because int might match the return type of a GCC
|    builtin and then its argument prototype would still apply.  */
| #ifdef __cplusplus
| extern "C"
| #endif
| char mpfr_add, mpfr_init2 ();
| int
| main ()
| {
| return mpfr_add, mpfr_init2 ();
|   ;
|   return 0;
| }
configure:5020: gcc -o conftest -g -O2   conftest.c -lmpfr  -lm -lgmp -lcudart  >&5
configure:5020: $? = 0
configure:5037: result: -lmpfr
configure:5052: checking for library containing pthread_mutex_lock
configure:5083: gcc -o conftest -g -O2   conftest.c -lmpfr -lm -lgmp -lcudart  >&5
configure:5083: $? = 0
configure:5100: result: none required
configure:5118: checking for library containing quadmath_snprintf
configure:5149: gcc -o conftest -g -O2   conftest.c -lmpfr -lm -lgmp -lcudart  >&5
/tmp/ccfxOrpf.o: In function `main':
/home/radziwil/test2/zetacalc/conftest.c:35: undefined reference to `quadmath_snprintf'
collect2: error: ld returned 1 exit status
configure:5149: $? = 1
configure: failed program was:
| /* confdefs.h */
| #define PACKAGE_NAME "zetacalc"
| #define PACKAGE_TARNAME "zetacalc"
| #define PACKAGE_VERSION "0.1"
| #define PACKAGE_STRING "zetacalc 0.1"
| #define PACKAGE_BUGREPORT ""
| #define PACKAGE_URL ""
| #define HAVE_CUDA 1
| #define HAVE_MPI 1
| #define STDC_HEADERS 1
| #define HAVE_SYS_TYPES_H 1
| #define HAVE_SYS_STAT_H 1
| #define HAVE_STDLIB_H 1
| #define HAVE_STRING_H 1
| #define HAVE_MEMORY_H 1
| #define HAVE_STRINGS_H 1
| #define HAVE_INTTYPES_H 1
| #define HAVE_STDINT_H 1
| #define HAVE_UNISTD_H 1
| #define SIZEOF_UNSIGNED_LONG 8
| #define SIZEOF___FLOAT128 16
| #define SIZEOF_DOUBLE 8
| /* end confdefs.h.  */
| 
| /* Override any GCC internal prototype to avoid an error.
|    Use char because int might match the return type of a GCC
|    builtin and then its argument prototype would still apply.  */
| #ifdef __cplusplus
| extern "C"
| #endif
| char quadmath_snprintf ();
| int
| main ()
| {
| return quadmath_snprintf ();
|   ;
|   return 0;
| }
configure:5149: gcc -o conftest -g -O2   conftest.c -lquadmath  -lmpfr -lm -lgmp -lcudart  >&5
configure:5149: $? = 0
configure:5166: result: -lquadmath
configure:5181: checking for stdint.h
configure:5181: result: yes
configure:5181: checking for stdlib.h
configure:5181: result: yes
configure:5181: checking for unistd.h
configure:5181: result: yes
configure:5181: checking quadmath.h usability
configure:5181: gcc -c -g -O2  conftest.c >&5
configure:5181: $? = 0
configure:5181: result: yes
configure:5181: checking quadmath.h presence
configure:5181: gcc -E  conftest.c
configure:5181: $? = 0
configure:5181: result: yes
configure:5181: checking for quadmath.h
configure:5181: result: yes
configure:5193: checking for quadmath.h
configure:5193: result: yes
configure:5207: checking cuComplex.h usability
configure:5207: gcc -c -g -O2  conftest.c >&5
configure:5207: $? = 0
configure:5207: result: yes
configure:5207: checking cuComplex.h presence
configure:5207: gcc -E  conftest.c
configure:5207: $? = 0
configure:5207: result: yes
configure:5207: checking for cuComplex.h
configure:5207: result: yes
configure:5225: checking cuda_runtime.h usability
configure:5225: gcc -c -g -O2  conftest.c >&5
configure:5225: $? = 0
configure:5225: result: yes
configure:5225: checking cuda_runtime.h presence
configure:5225: gcc -E  conftest.c
configure:5225: $? = 0
configure:5225: result: yes
configure:5225: checking for cuda_runtime.h
configure:5225: result: yes
configure:5252: checking for stdbool.h that conforms to C99
configure:5319: gcc -c -g -O2  conftest.c >&5
configure:5319: $? = 0
configure:5326: result: yes
configure:5328: checking for _Bool
configure:5328: gcc -c -g -O2  conftest.c >&5
configure:5328: $? = 0
configure:5328: gcc -c -g -O2  conftest.c >&5
conftest.c: In function 'main':
conftest.c:67:20: error: expected expression before ')' token
 if (sizeof ((_Bool)))
                    ^
configure:5328: $? = 1
configure: failed program was:
| /* confdefs.h */
| #define PACKAGE_NAME "zetacalc"
| #define PACKAGE_TARNAME "zetacalc"
| #define PACKAGE_VERSION "0.1"
| #define PACKAGE_STRING "zetacalc 0.1"
| #define PACKAGE_BUGREPORT ""
| #define PACKAGE_URL ""
| #define HAVE_CUDA 1
| #define HAVE_MPI 1
| #define STDC_HEADERS 1
| #define HAVE_SYS_TYPES_H 1
| #define HAVE_SYS_STAT_H 1
| #define HAVE_STDLIB_H 1
| #define HAVE_STRING_H 1
| #define HAVE_MEMORY_H 1
| #define HAVE_STRINGS_H 1
| #define HAVE_INTTYPES_H 1
| #define HAVE_STDINT_H 1
| #define HAVE_UNISTD_H 1
| #define SIZEOF_UNSIGNED_LONG 8
| #define SIZEOF___FLOAT128 16
| #define SIZEOF_DOUBLE 8
| #define HAVE_STDINT_H 1
| #define HAVE_STDLIB_H 1
| #define HAVE_UNISTD_H 1
| #define HAVE_QUADMATH_H 1
| #define HAVE_QUADMATH_H 1
| #define HAVE_CUCOMPLEX_H 1
| #define HAVE_CUDA_RUNTIME_H 1
| /* end confdefs.h.  */
| #include <stdio.h>
| #ifdef HAVE_SYS_TYPES_H
| # include <sys/types.h>
| #endif
| #ifdef HAVE_SYS_STAT_H
| # include <sys/stat.h>
| #endif
| #ifdef STDC_HEADERS
| # include <stdlib.h>
| # include <stddef.h>
| #else
| # ifdef HAVE_STDLIB_H
| #  include <stdlib.h>
| # endif
| #endif
| #ifdef HAVE_STRING_H
| # if !defined STDC_HEADERS && defined HAVE_MEMORY_H
| #  include <memory.h>
| # endif
| # include <string.h>
| #endif
| #ifdef HAVE_STRINGS_H
| # include <strings.h>
| #endif
| #ifdef HAVE_INTTYPES_H
| # include <inttypes.h>
| #endif
| #ifdef HAVE_STDINT_H
| # include <stdint.h>
| #endif
| #ifdef HAVE_UNISTD_H
| # include <unistd.h>
| #endif
| int
| main ()
| {
| if (sizeof ((_Bool)))
| 	    return 0;
|   ;
|   return 0;
| }
configure:5328: result: yes
configure:5339: checking for inline
configure:5355: gcc -c -g -O2  conftest.c >&5
configure:5355: $? = 0
configure:5363: result: inline
configure:5381: checking for int32_t
configure:5381: gcc -c -g -O2  conftest.c >&5
configure:5381: $? = 0
configure:5381: gcc -c -g -O2  conftest.c >&5
conftest.c: In function 'main':
conftest.c:70:53: warning: integer overflow in expression [-Woverflow]
    < (int32_t) (((((int32_t) 1 << N) << N) - 1) * 2 + 2))];
                                                     ^
conftest.c:69:12: error: storage size of 'test_array' isn't constant
 static int test_array [1 - 2 * !((int32_t) (((((int32_t) 1 << N) << N) - 1) * 2 + 1)
            ^
configure:5381: $? = 1
configure: failed program was:
| /* confdefs.h */
| #define PACKAGE_NAME "zetacalc"
| #define PACKAGE_TARNAME "zetacalc"
| #define PACKAGE_VERSION "0.1"
| #define PACKAGE_STRING "zetacalc 0.1"
| #define PACKAGE_BUGREPORT ""
| #define PACKAGE_URL ""
| #define HAVE_CUDA 1
| #define HAVE_MPI 1
| #define STDC_HEADERS 1
| #define HAVE_SYS_TYPES_H 1
| #define HAVE_SYS_STAT_H 1
| #define HAVE_STDLIB_H 1
| #define HAVE_STRING_H 1
| #define HAVE_MEMORY_H 1
| #define HAVE_STRINGS_H 1
| #define HAVE_INTTYPES_H 1
| #define HAVE_STDINT_H 1
| #define HAVE_UNISTD_H 1
| #define SIZEOF_UNSIGNED_LONG 8
| #define SIZEOF___FLOAT128 16
| #define SIZEOF_DOUBLE 8
| #define HAVE_STDINT_H 1
| #define HAVE_STDLIB_H 1
| #define HAVE_UNISTD_H 1
| #define HAVE_QUADMATH_H 1
| #define HAVE_QUADMATH_H 1
| #define HAVE_CUCOMPLEX_H 1
| #define HAVE_CUDA_RUNTIME_H 1
| #define HAVE__BOOL 1
| /* end confdefs.h.  */
| #include <stdio.h>
| #ifdef HAVE_SYS_TYPES_H
| # include <sys/types.h>
| #endif
| #ifdef HAVE_SYS_STAT_H
| # include <sys/stat.h>
| #endif
| #ifdef STDC_HEADERS
| # include <stdlib.h>
| # include <stddef.h>
| #else
| # ifdef HAVE_STDLIB_H
| #  include <stdlib.h>
| # endif
| #endif
| #ifdef HAVE_STRING_H
| # if !defined STDC_HEADERS && defined HAVE_MEMORY_H
| #  include <memory.h>
| # endif
| # include <string.h>
| #endif
| #ifdef HAVE_STRINGS_H
| # include <strings.h>
| #endif
| #ifdef HAVE_INTTYPES_H
| # include <inttypes.h>
| #endif
| #ifdef HAVE_STDINT_H
| # include <stdint.h>
| #endif
| #ifdef HAVE_UNISTD_H
| # include <unistd.h>
| #endif
| 	        enum { N = 32 / 2 - 1 };
| int
| main ()
| {
| static int test_array [1 - 2 * !((int32_t) (((((int32_t) 1 << N) << N) - 1) * 2 + 1)
| 		 < (int32_t) (((((int32_t) 1 << N) << N) - 1) * 2 + 2))];
| test_array [0] = 0;
| return test_array [0];
| 
|   ;
|   return 0;
| }
configure:5381: result: yes
configure:5392: checking for size_t
configure:5392: gcc -c -g -O2  conftest.c >&5
configure:5392: $? = 0
configure:5392: gcc -c -g -O2  conftest.c >&5
conftest.c: In function 'main':
conftest.c:68:21: error: expected expression before ')' token
 if (sizeof ((size_t)))
                     ^
configure:5392: $? = 1
configure: failed program was:
| /* confdefs.h */
| #define PACKAGE_NAME "zetacalc"
| #define PACKAGE_TARNAME "zetacalc"
| #define PACKAGE_VERSION "0.1"
| #define PACKAGE_STRING "zetacalc 0.1"
| #define PACKAGE_BUGREPORT ""
| #define PACKAGE_URL ""
| #define HAVE_CUDA 1
| #define HAVE_MPI 1
| #define STDC_HEADERS 1
| #define HAVE_SYS_TYPES_H 1
| #define HAVE_SYS_STAT_H 1
| #define HAVE_STDLIB_H 1
| #define HAVE_STRING_H 1
| #define HAVE_MEMORY_H 1
| #define HAVE_STRINGS_H 1
| #define HAVE_INTTYPES_H 1
| #define HAVE_STDINT_H 1
| #define HAVE_UNISTD_H 1
| #define SIZEOF_UNSIGNED_LONG 8
| #define SIZEOF___FLOAT128 16
| #define SIZEOF_DOUBLE 8
| #define HAVE_STDINT_H 1
| #define HAVE_STDLIB_H 1
| #define HAVE_UNISTD_H 1
| #define HAVE_QUADMATH_H 1
| #define HAVE_QUADMATH_H 1
| #define HAVE_CUCOMPLEX_H 1
| #define HAVE_CUDA_RUNTIME_H 1
| #define HAVE__BOOL 1
| /* end confdefs.h.  */
| #include <stdio.h>
| #ifdef HAVE_SYS_TYPES_H
| # include <sys/types.h>
| #endif
| #ifdef HAVE_SYS_STAT_H
| # include <sys/stat.h>
| #endif
| #ifdef STDC_HEADERS
| # include <stdlib.h>
| # include <stddef.h>
| #else
| # ifdef HAVE_STDLIB_H
| #  include <stdlib.h>
| # endif
| #endif
| #ifdef HAVE_STRING_H
| # if !defined STDC_HEADERS && defined HAVE_MEMORY_H
| #  include <memory.h>
| # endif
| # include <string.h>
| #endif
| #ifdef HAVE_STRINGS_H
| # include <strings.h>
| #endif
| #ifdef HAVE_INTTYPES_H
| # include <inttypes.h>
| #endif
| #ifdef HAVE_STDINT_H
| # include <stdint.h>
| #endif
| #ifdef HAVE_UNISTD_H
| # include <unistd.h>
| #endif
| int
| main ()
| {
| if (sizeof ((size_t)))
| 	    return 0;
|   ;
|   return 0;
| }
configure:5392: result: yes
configure:5403: checking for uint32_t
configure:5403: gcc -c -g -O2  conftest.c >&5
configure:5403: $? = 0
configure:5403: result: yes
configure:5417: checking for uint64_t
configure:5417: gcc -c -g -O2  conftest.c >&5
configure:5417: $? = 0
configure:5417: result: yes
configure:5434: checking for error_at_line
configure:5450: gcc -o conftest -g -O2   conftest.c -lquadmath -lmpfr -lm -lgmp -lcudart  >&5
configure:5450: $? = 0
configure:5458: result: yes
configure:5471: checking for stdlib.h
configure:5471: result: yes
configure:5481: checking for GNU libc compatible malloc
configure:5505: gcc -o conftest -g -O2   conftest.c -lquadmath -lmpfr -lm -lgmp -lcudart  >&5
configure:5505: $? = 0
configure:5505: ./conftest
configure:5505: $? = 0
configure:5515: result: yes
configure:5539: checking for floor
configure:5539: gcc -o conftest -g -O2   conftest.c -lquadmath -lmpfr -lm -lgmp -lcudart  >&5
conftest.c:57:6: warning: conflicting types for built-in function 'floor'
 char floor ();
      ^
configure:5539: $? = 0
configure:5539: result: yes
configure:5539: checking for pow
configure:5539: gcc -o conftest -g -O2   conftest.c -lquadmath -lmpfr -lm -lgmp -lcudart  >&5
conftest.c:58:6: warning: conflicting types for built-in function 'pow'
 char pow ();
      ^
configure:5539: $? = 0
configure:5539: result: yes
configure:5539: checking for rint
configure:5539: gcc -o conftest -g -O2   conftest.c -lquadmath -lmpfr -lm -lgmp -lcudart  >&5
conftest.c:59:6: warning: conflicting types for built-in function 'rint'
 char rint ();
      ^
configure:5539: $? = 0
configure:5539: result: yes
configure:5539: checking for sqrt
configure:5539: gcc -o conftest -g -O2   conftest.c -lquadmath -lmpfr -lm -lgmp -lcudart  >&5
conftest.c:60:6: warning: conflicting types for built-in function 'sqrt'
 char sqrt ();
      ^
configure:5539: $? = 0
configure:5539: result: yes
configure:5562: result: Determining CUDA device capability...
configure:5572: result: CUDA Compute Capability is sm_60
configure:5694: creating ./config.status

## ---------------------- ##
## Running config.status. ##
## ---------------------- ##

This file was extended by zetacalc config.status 0.1, which was
generated by GNU Autoconf 2.69.  Invocation command line was

  CONFIG_FILES    = 
  CONFIG_HEADERS  = 
  CONFIG_LINKS    = 
  CONFIG_COMMANDS = 
  $ ./config.status 

on gra985

config.status:826: creating Makefile
config.status:826: creating include/config.h
configure:6853: result: Succesfully completed configuration

## ---------------- ##
## Cache variables. ##
## ---------------- ##

ac_cv_c_compiler_gnu=yes
ac_cv_c_inline=inline
ac_cv_c_int32_t=yes
ac_cv_c_uint32_t=yes
ac_cv_c_uint64_t=yes
ac_cv_cxx_compiler_gnu=yes
ac_cv_env_CCC_set=
ac_cv_env_CCC_value=
ac_cv_env_CC_set=
ac_cv_env_CC_value=
ac_cv_env_CFLAGS_set=
ac_cv_env_CFLAGS_value=
ac_cv_env_CPPFLAGS_set=
ac_cv_env_CPPFLAGS_value=
ac_cv_env_CPP_set=
ac_cv_env_CPP_value=
ac_cv_env_CXXFLAGS_set=
ac_cv_env_CXXFLAGS_value=
ac_cv_env_CXX_set=
ac_cv_env_CXX_value=
ac_cv_env_LDFLAGS_set=
ac_cv_env_LDFLAGS_value=
ac_cv_env_LIBS_set=
ac_cv_env_LIBS_value=
ac_cv_env_build_alias_set=
ac_cv_env_build_alias_value=
ac_cv_env_host_alias_set=
ac_cv_env_host_alias_value=
ac_cv_env_target_alias_set=
ac_cv_env_target_alias_value=
ac_cv_file__cvmfs_soft_computecanada_ca_easybuild_software_2017_avx2_CUDA_intel2016_4_cuda8_0_openmpi_2_1_1_bin_mpicpp=yes
ac_cv_func_floor=yes
ac_cv_func_malloc_0_nonnull=yes
ac_cv_func_pow=yes
ac_cv_func_rint=yes
ac_cv_func_sqrt=yes
ac_cv_header_cuComplex_h=yes
ac_cv_header_cuda_runtime_h=yes
ac_cv_header_inttypes_h=yes
ac_cv_header_memory_h=yes
ac_cv_header_quadmath_h=yes
ac_cv_header_stdbool_h=yes
ac_cv_header_stdc=yes
ac_cv_header_stdint_h=yes
ac_cv_header_stdlib_h=yes
ac_cv_header_string_h=yes
ac_cv_header_strings_h=yes
ac_cv_header_sys_stat_h=yes
ac_cv_header_sys_types_h=yes
ac_cv_header_unistd_h=yes
ac_cv_lib_error_at_line=yes
ac_cv_objext=o
ac_cv_path_EGREP='/cvmfs/soft.computecanada.ca/nix/var/nix/profiles/16.09/bin/grep -E'
ac_cv_path_GREP=/cvmfs/soft.computecanada.ca/nix/var/nix/profiles/16.09/bin/grep
ac_cv_path_MPICXX=/cvmfs/soft.computecanada.ca/easybuild/software/2017/avx2/CUDA/intel2016.4/cuda8.0/openmpi/2.1.1/bin/mpic++
ac_cv_path_NVCC=/cvmfs/soft.computecanada.ca/easybuild/software/2017/avx2/Compiler/intel2016.4/cuda/8.0.44/bin/nvcc
ac_cv_prog_CPP='gcc -E'
ac_cv_prog_ac_ct_CC=gcc
ac_cv_prog_ac_ct_CXX=g++
ac_cv_prog_cc_c89=
ac_cv_prog_cc_g=yes
ac_cv_prog_cxx_g=yes
ac_cv_prog_make_make_set=yes
ac_cv_search___gmpz_init=-lgmp
ac_cv_search_cudaMalloc=-lcudart
ac_cv_search_mpfr_add__mpfr_init2=-lmpfr
ac_cv_search_pthread_mutex_lock='none required'
ac_cv_search_quadmath_snprintf=-lquadmath
ac_cv_search_sqrt=-lm
ac_cv_sizeof___float128=16
ac_cv_sizeof_double=8
ac_cv_sizeof_unsigned_long=8
ac_cv_type__Bool=yes
ac_cv_type_size_t=yes

## ----------------- ##
## Output variables. ##
## ----------------- ##

ARCH='sm_60'
BITS='64'
CC='gcc'
CFLAGS='-g -O2'
CPP='gcc -E'
CPPFLAGS=''
CXX='g++'
CXXFLAGS='-g -O2'
DEFS='-DHAVE_CONFIG_H'
ECHO_C=''
ECHO_N='-n'
ECHO_T=''
EGREP='/cvmfs/soft.computecanada.ca/nix/var/nix/profiles/16.09/bin/grep -E'
EXEEXT=''
GREP='/cvmfs/soft.computecanada.ca/nix/var/nix/profiles/16.09/bin/grep'
HAVE_CUDA='1'
HAVE_MPI='1'
LDFLAGS=''
LIBOBJS=''
LIBS='-lquadmath -lmpfr -lm -lgmp -lcudart '
LTLIBOBJS=''
MPICXX='/cvmfs/soft.computecanada.ca/easybuild/software/2017/avx2/CUDA/intel2016.4/cuda8.0/openmpi/2.1.1/bin/mpic++'
NVCC='/cvmfs/soft.computecanada.ca/easybuild/software/2017/avx2/Compiler/intel2016.4/cuda/8.0.44/bin/nvcc'
OBJEXT='o'
PACKAGE_BUGREPORT=''
PACKAGE_NAME='zetacalc'
PACKAGE_STRING='zetacalc 0.1'
PACKAGE_TARNAME='zetacalc'
PACKAGE_URL=''
PACKAGE_VERSION='0.1'
PATH_SEPARATOR=':'
SET_MAKE=''
SHELL='/bin/sh'
ac_ct_CC='gcc'
ac_ct_CXX='g++'
bindir='${exec_prefix}/bin'
build_alias=''
datadir='${datarootdir}'
datarootdir='${prefix}/share'
docdir='${datarootdir}/doc/${PACKAGE_TARNAME}'
dvidir='${docdir}'
exec_prefix='${prefix}'
host_alias=''
htmldir='${docdir}'
includedir='${prefix}/include'
infodir='${datarootdir}/info'
libdir='${exec_prefix}/lib'
libexecdir='${exec_prefix}/libexec'
localedir='${datarootdir}/locale'
localstatedir='${prefix}/var'
mandir='${datarootdir}/man'
oldincludedir='/usr/include'
pdfdir='${docdir}'
prefix='/usr/local'
program_transform_name='s,x,x,'
psdir='${docdir}'
sbindir='${exec_prefix}/sbin'
sharedstatedir='${prefix}/com'
sysconfdir='${prefix}/etc'
target_alias=''

## ----------- ##
## confdefs.h. ##
## ----------- ##

/* confdefs.h */
#define PACKAGE_NAME "zetacalc"
#define PACKAGE_TARNAME "zetacalc"
#define PACKAGE_VERSION "0.1"
#define PACKAGE_STRING "zetacalc 0.1"
#define PACKAGE_BUGREPORT ""
#define PACKAGE_URL ""
#define HAVE_CUDA 1
#define HAVE_MPI 1
#define STDC_HEADERS 1
#define HAVE_SYS_TYPES_H 1
#define HAVE_SYS_STAT_H 1
#define HAVE_STDLIB_H 1
#define HAVE_STRING_H 1
#define HAVE_MEMORY_H 1
#define HAVE_STRINGS_H 1
#define HAVE_INTTYPES_H 1
#define HAVE_STDINT_H 1
#define HAVE_UNISTD_H 1
#define SIZEOF_UNSIGNED_LONG 8
#define SIZEOF___FLOAT128 16
#define SIZEOF_DOUBLE 8
#define HAVE_STDINT_H 1
#define HAVE_STDLIB_H 1
#define HAVE_UNISTD_H 1
#define HAVE_QUADMATH_H 1
#define HAVE_QUADMATH_H 1
#define HAVE_CUCOMPLEX_H 1
#define HAVE_CUDA_RUNTIME_H 1
#define HAVE__BOOL 1
#define HAVE_STDLIB_H 1
#define HAVE_MALLOC 1
#define HAVE_FLOOR 1
#define HAVE_POW 1
#define HAVE_RINT 1
#define HAVE_SQRT 1

configure: exit 0
